2014-03-12 22:45:24,261 - Temperature_GF_Corridor  : 22.40000000
2014-03-12 22:45:24,265 - Temperature_GF_Toilet    : 22.50000000
2014-03-12 22:45:24,268 - Temperature_GF_Living    : 21.80000000
2014-03-12 22:45:24,273 - Temperature_GF_Kitchen   : 18.80000000
2014-03-12 22:45:24,278 - Temperature_FF_Bath      : 22.20000000
2014-03-12 22:45:24,283 - Temperature_FF_Office    : 19.40000000
2014-03-12 22:45:24,287 - Temperature_FF_Child     : 18.50000000
2014-03-12 22:45:24,292 - Temperature_FF_Bed       : 18.70000000
2014-03-12 23:19:58,312 - Temperature_GF_Corridor  : 18.80000000
2014-03-12 23:19:58,325 - Temperature_GF_Toilet    : 19.40000000
2014-03-12 23:19:58,330 - Temperature_GF_Living    : 20.50000000
2014-03-12 23:19:58,335 - Temperature_GF_Kitchen   : 20.30000000
2014-03-12 23:19:58,340 - Temperature_FF_Bath      : 19.50000000
2014-03-12 23:19:58,349 - Temperature_FF_Office    : 21.40000000
2014-03-12 23:19:58,354 - Temperature_FF_Child     : 20.60000000
2014-03-12 23:19:58,359 - Temperature_FF_Bed       : 20.40000000
2014-03-12 23:20:00,101 - Temperature_GF_Corridor  : 19.30000000
2014-03-12 23:20:00,106 - Temperature_GF_Toilet    : 18.10000000
2014-03-12 23:20:00,112 - Temperature_GF_Living    : 21.30000000
2014-03-12 23:20:00,115 - Temperature_GF_Kitchen   : 17.90000000
2014-03-12 23:20:00,119 - Temperature_FF_Bath      : 17.60000000
2014-03-12 23:20:00,122 - Temperature_FF_Office    : 20.10000000
2014-03-12 23:20:00,125 - Temperature_FF_Child     : 18.50000000
2014-03-12 23:20:00,129 - Temperature_FF_Bed       : 21.80000000
